c:\users\jiwoo\downloads\아이작 테스트4\framework104c\debug\vc141.pdb
c:\users\jiwoo\downloads\아이작 테스트4\framework104c\debug\vc141.idb
c:\users\jiwoo\downloads\아이작 테스트4\framework104c\debug\objectmgr.obj
c:\users\jiwoo\downloads\아이작 테스트4\framework104c\debug\mybmp.obj
c:\users\jiwoo\downloads\아이작 테스트4\framework104c\debug\monster.obj
c:\users\jiwoo\downloads\아이작 테스트4\framework104c\debug\maingame.obj
c:\users\jiwoo\downloads\아이작 테스트4\framework104c\debug\keymgr.obj
c:\users\jiwoo\downloads\아이작 테스트4\framework104c\debug\guidebullet.obj
c:\users\jiwoo\downloads\아이작 테스트4\framework104c\debug\gameobject.obj
c:\users\jiwoo\downloads\아이작 테스트4\framework104c\debug\framework104c.obj
c:\users\jiwoo\downloads\아이작 테스트4\framework104c\debug\collisionmgr.obj
c:\users\jiwoo\downloads\아이작 테스트4\framework104c\debug\imagemgr.obj
c:\users\jiwoo\downloads\아이작 테스트4\framework104c\debug\scenemgr.obj
c:\users\jiwoo\downloads\아이작 테스트4\framework104c\debug\scene.obj
c:\users\jiwoo\downloads\아이작 테스트4\framework104c\debug\saveselect.obj
c:\users\jiwoo\downloads\아이작 테스트4\framework104c\debug\room.obj
c:\users\jiwoo\downloads\아이작 테스트4\framework104c\debug\stage.obj
c:\users\jiwoo\downloads\아이작 테스트4\framework104c\debug\gameselect.obj
c:\users\jiwoo\downloads\아이작 테스트4\framework104c\debug\floor.obj
c:\users\jiwoo\downloads\아이작 테스트4\framework104c\debug\door.obj
c:\users\jiwoo\downloads\아이작 테스트4\framework104c\debug\bullet.obj
c:\users\jiwoo\downloads\아이작 테스트4\framework104c\debug\bmpmgr.obj
c:\users\jiwoo\downloads\아이작 테스트4\framework104c\debug\title.obj
c:\users\jiwoo\downloads\아이작 테스트4\framework104c\debug\shield.obj
c:\users\jiwoo\downloads\아이작 테스트4\framework104c\debug\player.obj
c:\users\jiwoo\downloads\아이작 테스트4\framework104c\debug\boney.obj
c:\users\jiwoo\downloads\아이작 테스트4\framework104c\debug\bonybullet.obj
c:\users\jiwoo\downloads\아이작 테스트4\framework104c\debug\playerbullet.obj
c:\users\jiwoo\downloads\아이작 테스트4\framework104c\debug\myimage.obj
c:\users\jiwoo\downloads\아이작 테스트4\framework104c\debug\framework104c.pch
c:\users\jiwoo\downloads\아이작 테스트4\framework104c\debug\stdafx.obj
d:\issactest\framework104c\debug\vc141.pdb
d:\issactest\framework104c\debug\vc141.idb
d:\issactest\framework104c\debug\room.obj
d:\issactest\framework104c\debug\player.obj
d:\issactest\framework104c\debug\floor.obj
d:\issactest\framework104c\debug\maingame.obj
d:\issactest\framework104c\debug\boney.obj
d:\issactest\framework104c\debug\playerbullet.obj
d:\issactest\framework104c\debug\objectmgr.obj
d:\issactest\framework104c\debug\myimage.obj
d:\issactest\framework104c\debug\mybmp.obj
d:\issactest\framework104c\debug\monster.obj
d:\issactest\framework104c\debug\keymgr.obj
d:\issactest\framework104c\debug\imagemgr.obj
d:\issactest\framework104c\debug\guidebullet.obj
d:\issactest\framework104c\debug\gameselect.obj
d:\issactest\framework104c\debug\gameobject.obj
d:\issactest\framework104c\debug\framework104c.obj
d:\issactest\framework104c\debug\door.obj
d:\issactest\framework104c\debug\collisionmgr.obj
d:\issactest\framework104c\debug\bullet.obj
d:\issactest\framework104c\debug\bonybullet.obj
d:\issactest\framework104c\debug\bmpmgr.obj
d:\issactest\framework104c\debug\title.obj
d:\issactest\framework104c\debug\stage.obj
d:\issactest\framework104c\debug\shield.obj
d:\issactest\framework104c\debug\scenemgr.obj
d:\issactest\framework104c\debug\scene.obj
d:\issactest\framework104c\debug\saveselect.obj
d:\issactest\framework104c\debug\maskandheart.obj
d:\issactest\framework104c\debug\charger.obj
d:\issactest\framework104c\debug\monsterbullet.obj
d:\issactest\framework104c\debug\leech.obj
d:\issactest\framework104c\debug\mulligan.obj
d:\issactest\framework104c\debug\monstro.obj
d:\issactest\framework104c\debug\monstrobullet_1.obj
d:\issactest\framework104c\debug\p_item.obj
d:\issactest\framework104c\debug\item_bottom.obj
d:\issactest\framework104c\debug\ui.obj
d:\issactest\framework104c\debug\minimap.obj
d:\issactest\framework104c\debug\rock.obj
d:\issactest\framework104c\debug\bomb.obj
d:\issactest\framework104c\debug\bossui.obj
d:\issactest\framework104c\debug\framework104c.pch
d:\issactest\framework104c\debug\stdafx.obj
c:\users\jiwoo\downloads\아이작 테스트4\debug\framework104c.exe
c:\users\jiwoo\downloads\아이작 테스트4\debug\framework104c.ilk
c:\users\jiwoo\downloads\아이작 테스트4\debug\framework104c.pdb
d:\issactest\debug\framework104c.exe
d:\issactest\debug\framework104c.ilk
d:\issactest\debug\framework104c.pdb
c:\users\jiwoo\downloads\아이작 테스트4\framework104c\debug\framework104c.res
d:\issactest\framework104c\debug\framework104c.res
d:\issactest\framework104c\debug\grid.obj
d:\issactest\framework104c\debug\line.obj
d:\issactest\framework104c\debug\linemgr.obj
d:\issactest\framework104c\debug\collisionmgr.obj.enc
d:\issactest\framework104c\debug\stage.obj.enc
d:\issactest\framework104c\debug\vc140.idb
d:\issactest\framework104c\debug\vc140.pdb
d:\issactest\framework104c\debug\framework104c.tlog\cl.command.1.tlog
d:\issactest\framework104c\debug\framework104c.tlog\cl.read.1.tlog
d:\issactest\framework104c\debug\framework104c.tlog\cl.write.1.tlog
d:\issactest\framework104c\debug\framework104c.tlog\link.command.1.tlog
d:\issactest\framework104c\debug\framework104c.tlog\link.delete.1.tlog
d:\issactest\framework104c\debug\framework104c.tlog\link.read.1.tlog
d:\issactest\framework104c\debug\framework104c.tlog\link.write.1.tlog
d:\issactest\framework104c\debug\framework104c.tlog\rc.command.1.tlog
d:\issactest\framework104c\debug\framework104c.tlog\rc.read.1.tlog
d:\issactest\framework104c\debug\framework104c.tlog\rc.write.1.tlog
